<?xml version="1.0" encoding="UTF-8"?>
<testsuite name="common.AlphabetHelperTest" tests="1" skipped="0" failures="0" errors="0" timestamp="2020-11-18T11:38:54" hostname="mbp.local" time="0.003">
  <properties/>
  <testcase name="test" classname="common.AlphabetHelperTest" time="0.003"/>
  <system-out><![CDATA[]]></system-out>
  <system-err><![CDATA[]]></system-err>
</testsuite>
